<?xml version="1.0" encoding="UTF-8"?>
<testng-results ignored="0" total="1" passed="1" failed="0" skipped="0">
  <reporter-output>
  </reporter-output>
  <suite started-at="2021-07-24T20:36:30 IST" name="Default suite" finished-at="2021-07-24T20:37:09 IST" duration-ms="38748">
    <groups>
    </groups>
    <test started-at="2021-07-24T20:36:30 IST" name="Default test" finished-at="2021-07-24T20:37:09 IST" duration-ms="38748">
      <class name="Learn.Automation.P_08_DownloadFile">
        <test-method is-config="true" signature="setUp()[pri:0, instance:Learn.Automation.P_08_DownloadFile@3246fb96]" started-at="2021-07-24T20:36:31 IST" name="setUp" finished-at="2021-07-24T20:36:35 IST" duration-ms="4219" status="PASS">
          <reporter-output>
          </reporter-output>
        </test-method> <!-- setUp -->
        <test-method signature="downLoadFile()[pri:0, instance:Learn.Automation.P_08_DownloadFile@3246fb96]" started-at="2021-07-24T20:36:35 IST" name="downLoadFile" finished-at="2021-07-24T20:37:09 IST" duration-ms="34415" status="PASS">
          <reporter-output>
          </reporter-output>
        </test-method> <!-- downLoadFile -->
      </class> <!-- Learn.Automation.P_08_DownloadFile -->
    </test> <!-- Default test -->
  </suite> <!-- Default suite -->
</testng-results>
