<?xml version="1.0" encoding="UTF-8"?>
<testng-results ignored="0" total="2" passed="2" failed="0" skipped="0">
  <reporter-output>
  </reporter-output>
  <suite started-at="2021-04-02T08:53:15 IST" name="Default suite" finished-at="2021-04-02T08:53:41 IST" duration-ms="25727">
    <groups>
    </groups>
    <test started-at="2021-04-02T08:53:15 IST" name="Default test" finished-at="2021-04-02T08:53:41 IST" duration-ms="25727">
      <class name="Page_Object_model.TestCasesExecution">
        <test-method is-config="true" signature="setup()[pri:0, instance:Page_Object_model.TestCasesExecution@fa36558]" started-at="2021-04-02T08:53:15 IST" name="setup" finished-at="2021-04-02T08:53:28 IST" duration-ms="12293" status="PASS">
          <reporter-output>
          </reporter-output>
        </test-method> <!-- setup -->
        <test-method signature="loginExecution()[pri:0, instance:Page_Object_model.TestCasesExecution@fa36558]" started-at="2021-04-02T08:53:28 IST" name="loginExecution" finished-at="2021-04-02T08:53:37 IST" duration-ms="8882" status="PASS">
          <reporter-output>
          </reporter-output>
        </test-method> <!-- loginExecution -->
        <test-method signature="login()[pri:1, instance:Page_Object_model.TestCasesExecution@fa36558]" started-at="2021-04-02T08:53:37 IST" name="login" finished-at="2021-04-02T08:53:41 IST" duration-ms="4494" status="PASS">
          <reporter-output>
          </reporter-output>
        </test-method> <!-- login -->
        <test-method is-config="true" signature="teardown()[pri:0, instance:Page_Object_model.TestCasesExecution@fa36558]" started-at="2021-04-02T08:53:41 IST" name="teardown" finished-at="2021-04-02T08:53:41 IST" duration-ms="1" status="PASS">
          <reporter-output>
          </reporter-output>
        </test-method> <!-- teardown -->
      </class> <!-- Page_Object_model.TestCasesExecution -->
    </test> <!-- Default test -->
  </suite> <!-- Default suite -->
</testng-results>
